This is pdfTeX, Version 3.14159265-2.6-1.40.16 (TeX Live 2015) (preloaded format=pdflatex 2015.5.24)  30 MAR 2016 14:23
entering extended mode
 restricted \write18 enabled.
 file:line:error style messages enabled.
 %&-line parsing enabled.
**conference_paper_3.tex
(./conference_paper_3.tex
LaTeX2e <2015/01/01>
Babel <3.9l> and hyphenation patterns for 79 languages loaded.
(/usr/local/texlive/2015/texmf-dist/tex/latex/base/article.cls
Document Class: article 2014/09/29 v1.4h Standard LaTeX document class
(/usr/local/texlive/2015/texmf-dist/tex/latex/base/size10.clo
File: size10.clo 2014/09/29 v1.4h Standard LaTeX file (size option)
)
\c@part=\count79
\c@section=\count80
\c@subsection=\count81
\c@subsubsection=\count82
\c@paragraph=\count83
\c@subparagraph=\count84
\c@figure=\count85
\c@table=\count86
\abovecaptionskip=\skip41
\belowcaptionskip=\skip42
\bibindent=\dimen102
)
(/usr/local/texlive/2015/texmf-dist/tex/latex/amsmath/amsmath.sty
Package: amsmath 2013/01/14 v2.14 AMS math features
\@mathmargin=\skip43

For additional information on amsmath, use the `?' option.
(/usr/local/texlive/2015/texmf-dist/tex/latex/amsmath/amstext.sty
Package: amstext 2000/06/29 v2.01

(/usr/local/texlive/2015/texmf-dist/tex/latex/amsmath/amsgen.sty
File: amsgen.sty 1999/11/30 v2.0
\@emptytoks=\toks14
\ex@=\dimen103
))
(/usr/local/texlive/2015/texmf-dist/tex/latex/amsmath/amsbsy.sty
Package: amsbsy 1999/11/29 v1.2d
\pmbraise@=\dimen104
)
(/usr/local/texlive/2015/texmf-dist/tex/latex/amsmath/amsopn.sty
Package: amsopn 1999/12/14 v2.01 operator names
)
\inf@bad=\count87
LaTeX Info: Redefining \frac on input line 210.
\uproot@=\count88
\leftroot@=\count89
LaTeX Info: Redefining \overline on input line 306.
\classnum@=\count90
\DOTSCASE@=\count91
LaTeX Info: Redefining \ldots on input line 378.
LaTeX Info: Redefining \dots on input line 381.
LaTeX Info: Redefining \cdots on input line 466.
\Mathstrutbox@=\box26
\strutbox@=\box27
\big@size=\dimen105
LaTeX Font Info:    Redeclaring font encoding OML on input line 566.
LaTeX Font Info:    Redeclaring font encoding OMS on input line 567.
\macc@depth=\count92
\c@MaxMatrixCols=\count93
\dotsspace@=\muskip10
\c@parentequation=\count94
\dspbrk@lvl=\count95
\tag@help=\toks15
\row@=\count96
\column@=\count97
\maxfields@=\count98
\andhelp@=\toks16
\eqnshift@=\dimen106
\alignsep@=\dimen107
\tagshift@=\dimen108
\tagwidth@=\dimen109
\totwidth@=\dimen110
\lineht@=\dimen111
\@envbody=\toks17
\multlinegap=\skip44
\multlinetaggap=\skip45
\mathdisplay@stack=\toks18
LaTeX Info: Redefining \[ on input line 2665.
LaTeX Info: Redefining \] on input line 2666.
)
(/usr/local/texlive/2015/texmf-dist/tex/latex/caption/caption.sty
Package: caption 2013/05/02 v3.3-89 Customizing captions (AR)

(/usr/local/texlive/2015/texmf-dist/tex/latex/caption/caption3.sty
Package: caption3 2013/05/02 v1.6-88 caption3 kernel (AR)
Package caption3 Info: TeX engine: e-TeX on input line 57.

(/usr/local/texlive/2015/texmf-dist/tex/latex/graphics/keyval.sty
Package: keyval 2014/10/28 v1.15 key=value parser (DPC)
\KV@toks@=\toks19
)
\captionmargin=\dimen112
\captionmargin@=\dimen113
\captionwidth=\dimen114
\caption@tempdima=\dimen115
\caption@indent=\dimen116
\caption@parindent=\dimen117
\caption@hangindent=\dimen118
)
\c@ContinuedFloat=\count99
)
(/usr/local/texlive/2015/texmf-dist/tex/latex/booktabs/booktabs.sty
Package: booktabs 2005/04/14 v1.61803 publication quality tables
\heavyrulewidth=\dimen119
\lightrulewidth=\dimen120
\cmidrulewidth=\dimen121
\belowrulesep=\dimen122
\belowbottomsep=\dimen123
\aboverulesep=\dimen124
\abovetopsep=\dimen125
\cmidrulesep=\dimen126
\cmidrulekern=\dimen127
\defaultaddspace=\dimen128
\@cmidla=\count100
\@cmidlb=\count101
\@aboverulesep=\dimen129
\@belowrulesep=\dimen130
\@thisruleclass=\count102
\@lastruleclass=\count103
\@thisrulewidth=\dimen131
)
(/usr/local/texlive/2015/texmf-dist/tex/latex/relsize/relsize.sty
Package: relsize 2013/03/29 ver 4.1
)
(/usr/local/texlive/2015/texmf-dist/tex/latex/graphics/graphicx.sty
Package: graphicx 2014/10/28 v1.0g Enhanced LaTeX Graphics (DPC,SPQR)

(/usr/local/texlive/2015/texmf-dist/tex/latex/graphics/graphics.sty
Package: graphics 2014/10/28 v1.0p Standard LaTeX Graphics (DPC,SPQR)

(/usr/local/texlive/2015/texmf-dist/tex/latex/graphics/trig.sty
Package: trig 1999/03/16 v1.09 sin cos tan (DPC)
)
(/usr/local/texlive/2015/texmf-dist/tex/latex/latexconfig/graphics.cfg
File: graphics.cfg 2010/04/23 v1.9 graphics configuration of TeX Live
)
Package graphics Info: Driver file: pdftex.def on input line 94.

(/usr/local/texlive/2015/texmf-dist/tex/latex/pdftex-def/pdftex.def
File: pdftex.def 2011/05/27 v0.06d Graphics/color for pdfTeX

(/usr/local/texlive/2015/texmf-dist/tex/generic/oberdiek/infwarerr.sty
Package: infwarerr 2010/04/08 v1.3 Providing info/warning/error messages (HO)
)
(/usr/local/texlive/2015/texmf-dist/tex/generic/oberdiek/ltxcmds.sty
Package: ltxcmds 2011/11/09 v1.22 LaTeX kernel commands for general use (HO)
)
\Gread@gobject=\count104
))
\Gin@req@height=\dimen132
\Gin@req@width=\dimen133
)
(./conference_paper_3.aux)
\openout1 = `conference_paper_3.aux'.

LaTeX Font Info:    Checking defaults for OML/cmm/m/it on input line 8.
LaTeX Font Info:    ... okay on input line 8.
LaTeX Font Info:    Checking defaults for T1/cmr/m/n on input line 8.
LaTeX Font Info:    ... okay on input line 8.
LaTeX Font Info:    Checking defaults for OT1/cmr/m/n on input line 8.
LaTeX Font Info:    ... okay on input line 8.
LaTeX Font Info:    Checking defaults for OMS/cmsy/m/n on input line 8.
LaTeX Font Info:    ... okay on input line 8.
LaTeX Font Info:    Checking defaults for OMX/cmex/m/n on input line 8.
LaTeX Font Info:    ... okay on input line 8.
LaTeX Font Info:    Checking defaults for U/cmr/m/n on input line 8.
LaTeX Font Info:    ... okay on input line 8.
Package caption Info: Begin \AtBeginDocument code.
Package caption Info: End \AtBeginDocument code.

(/usr/local/texlive/2015/texmf-dist/tex/context/base/supp-pdf.mkii
[Loading MPS to PDF converter (version 2006.09.02).]
\scratchcounter=\count105
\scratchdimen=\dimen134
\scratchbox=\box28
\nofMPsegments=\count106
\nofMParguments=\count107
\everyMPshowfont=\toks20
\MPscratchCnt=\count108
\MPscratchDim=\dimen135
\MPnumerator=\count109
\makeMPintoPDFobject=\count110
\everyMPtoPDFconversion=\toks21
) (/usr/local/texlive/2015/texmf-dist/tex/generic/oberdiek/pdftexcmds.sty
Package: pdftexcmds 2011/11/29 v0.20 Utility functions of pdfTeX for LuaTeX (HO
)

(/usr/local/texlive/2015/texmf-dist/tex/generic/oberdiek/ifluatex.sty
Package: ifluatex 2010/03/01 v1.3 Provides the ifluatex switch (HO)
Package ifluatex Info: LuaTeX not detected.
)
(/usr/local/texlive/2015/texmf-dist/tex/generic/oberdiek/ifpdf.sty
Package: ifpdf 2011/01/30 v2.3 Provides the ifpdf switch (HO)
Package ifpdf Info: pdfTeX in PDF mode is detected.
)
Package pdftexcmds Info: LuaTeX not detected.
Package pdftexcmds Info: \pdf@primitive is available.
Package pdftexcmds Info: \pdf@ifprimitive is available.
Package pdftexcmds Info: \pdfdraftmode found.
)
(/usr/local/texlive/2015/texmf-dist/tex/latex/oberdiek/epstopdf-base.sty
Package: epstopdf-base 2010/02/09 v2.5 Base part for package epstopdf

(/usr/local/texlive/2015/texmf-dist/tex/latex/oberdiek/grfext.sty
Package: grfext 2010/08/19 v1.1 Manage graphics extensions (HO)

(/usr/local/texlive/2015/texmf-dist/tex/generic/oberdiek/kvdefinekeys.sty
Package: kvdefinekeys 2011/04/07 v1.3 Define keys (HO)
))
(/usr/local/texlive/2015/texmf-dist/tex/latex/oberdiek/kvoptions.sty
Package: kvoptions 2011/06/30 v3.11 Key value format for package options (HO)

(/usr/local/texlive/2015/texmf-dist/tex/generic/oberdiek/kvsetkeys.sty
Package: kvsetkeys 2012/04/25 v1.16 Key value parser (HO)

(/usr/local/texlive/2015/texmf-dist/tex/generic/oberdiek/etexcmds.sty
Package: etexcmds 2011/02/16 v1.5 Avoid name clashes with e-TeX commands (HO)
Package etexcmds Info: Could not find \expanded.
(etexcmds)             That can mean that you are not using pdfTeX 1.50 or
(etexcmds)             that some package has redefined \expanded.
(etexcmds)             In the latter case, load this package earlier.
)))
Package grfext Info: Graphics extension search list:
(grfext)             [.png,.pdf,.jpg,.mps,.jpeg,.jbig2,.jb2,.PNG,.PDF,.JPG,.JPE
G,.JBIG2,.JB2,.eps]
(grfext)             \AppendGraphicsExtensions on input line 452.

(/usr/local/texlive/2015/texmf-dist/tex/latex/latexconfig/epstopdf-sys.cfg
File: epstopdf-sys.cfg 2010/07/13 v1.3 Configuration of (r)epstopdf for TeX Liv
e
))
<WheatYields-intro.pdf, id=1, 1300.86pt x 433.62pt>
File: WheatYields-intro.pdf Graphic file (type pdf)

<use WheatYields-intro.pdf>
Package pdftex.def Info: WheatYields-intro.pdf used on input line 23.
(pdftex.def)             Requested size: 293.2521pt x 97.74554pt.
 [1

{/usr/local/texlive/2015/texmf-var/fonts/map/pdftex/updmap/pdftex.map} <./Wheat
Yields-intro.pdf>]
LaTeX Font Info:    Try loading font information for OMS+cmr on input line 34.

(/usr/local/texlive/2015/texmf-dist/tex/latex/base/omscmr.fd
File: omscmr.fd 2014/09/29 v2.5h Standard LaTeX font definitions
)
LaTeX Font Info:    Font shape `OMS/cmr/m/n' in size <8> not available
(Font)              Font shape `OMS/cmsy/m/n' tried instead on input line 34.

<WheatYields-yielda.pdf, id=23, 578.16pt x 361.35pt>
File: WheatYields-yielda.pdf Graphic file (type pdf)

<use WheatYields-yielda.pdf>
Package pdftex.def Info: WheatYields-yielda.pdf used on input line 53.
(pdftex.def)             Requested size: 341.5519pt x 213.47034pt.

<WheatYields-yieldb.pdf, id=24, 578.16pt x 361.35pt>
File: WheatYields-yieldb.pdf Graphic file (type pdf)

<use WheatYields-yieldb.pdf>
Package pdftex.def Info: WheatYields-yieldb.pdf used on input line 54.
(pdftex.def)             Requested size: 341.5519pt x 213.47034pt.
 [2 <./WheatYields-yielda.pdf>]
<WheatYields-maxb.pdf, id=38, 433.62pt x 325.215pt>
File: WheatYields-maxb.pdf Graphic file (type pdf)
 <use WheatYields-maxb.pdf>
Package pdftex.def Info: WheatYields-maxb.pdf used on input line 59.
(pdftex.def)             Requested size: 169.0519pt x 126.78867pt.

<WheatYields-heatb.pdf, id=39, 433.62pt x 325.215pt>
File: WheatYields-heatb.pdf Graphic file (type pdf)

<use WheatYields-heatb.pdf>
Package pdftex.def Info: WheatYields-heatb.pdf used on input line 60.
(pdftex.def)             Requested size: 169.0519pt x 126.78867pt.

<WheatYields-precipb.pdf, id=40, 433.62pt x 325.215pt>
./conference_paper_3.tex:61: Missing number, treated as zero.
<to be read again> 
                   w
l.61 ...width=0.49\linewidth]{WheatYields-precipb}
                                                  
A number should have been here; I inserted `0'.
(If you can't figure out why I needed to see a number,
look up `weird error' in the index to The TeXbook.)

./conference_paper_3.tex:61: Illegal unit of measure (pt inserted).
<to be read again> 
                   w
l.61 ...width=0.49\linewidth]{WheatYields-precipb}
                                                  
Dimensions can be in units of em, ex, in, pt, pc,
cm, mm, dd, cc, nd, nc, bp, or sp; but yours is a new one!
I'll assume that you meant to say pt, for printer's points.
To recover gracefully from this error, it's best to
delete the erroneous units; e.g., type `2' to delete
two letters. (See Chapter 27 of The TeXbook.)

./conference_paper_3.tex:61: Missing number, treated as zero.
<to be read again> 
                   w
l.61 ...width=0.49\linewidth]{WheatYields-precipb}
                                                  
A number should have been here; I inserted `0'.
(If you can't figure out why I needed to see a number,
look up `weird error' in the index to The TeXbook.)

./conference_paper_3.tex:61: Illegal unit of measure (pt inserted).
<to be read again> 
                   w
l.61 ...width=0.49\linewidth]{WheatYields-precipb}
                                                  
Dimensions can be in units of em, ex, in, pt, pc,
cm, mm, dd, cc, nd, nc, bp, or sp; but yours is a new one!
I'll assume that you meant to say pt, for printer's points.
To recover gracefully from this error, it's best to
delete the erroneous units; e.g., type `2' to delete
two letters. (See Chapter 27 of The TeXbook.)

File: WheatYields-precipb.pdf Graphic file (type pdf)
<use WheatYields-precipb.pdf>
Package pdftex.def Info: WheatYields-precipb.pdf used on input line 61.
(pdftex.def)             Requested size: 0.0pt x 0.0pt.

<WheatYields-sunb.pdf, id=41, 433.62pt x 325.215pt>
./conference_paper_3.tex:62: Missing number, treated as zero.
<to be read again> 
                   w
l.62 ...th=width=0.49\linewidth]{WheatYields-sunb}
                                                  
A number should have been here; I inserted `0'.
(If you can't figure out why I needed to see a number,
look up `weird error' in the index to The TeXbook.)

./conference_paper_3.tex:62: Illegal unit of measure (pt inserted).
<to be read again> 
                   w
l.62 ...th=width=0.49\linewidth]{WheatYields-sunb}
                                                  
Dimensions can be in units of em, ex, in, pt, pc,
cm, mm, dd, cc, nd, nc, bp, or sp; but yours is a new one!
I'll assume that you meant to say pt, for printer's points.
To recover gracefully from this error, it's best to
delete the erroneous units; e.g., type `2' to delete
two letters. (See Chapter 27 of The TeXbook.)

./conference_paper_3.tex:62: Missing number, treated as zero.
<to be read again> 
                   w
l.62 ...th=width=0.49\linewidth]{WheatYields-sunb}
                                                  
A number should have been here; I inserted `0'.
(If you can't figure out why I needed to see a number,
look up `weird error' in the index to The TeXbook.)

./conference_paper_3.tex:62: Illegal unit of measure (pt inserted).
<to be read again> 
                   w
l.62 ...th=width=0.49\linewidth]{WheatYields-sunb}
                                                  
Dimensions can be in units of em, ex, in, pt, pc,
cm, mm, dd, cc, nd, nc, bp, or sp; but yours is a new one!
I'll assume that you meant to say pt, for printer's points.
To recover gracefully from this error, it's best to
delete the erroneous units; e.g., type `2' to delete
two letters. (See Chapter 27 of The TeXbook.)

File: WheatYields-sunb.pdf Graphic file (type pdf)
<use WheatYields-sunb.pdf>
Package pdftex.def Info: WheatYields-sunb.pdf used on input line 62.
(pdftex.def)             Requested size: 0.0pt x 0.0pt.

<WheatYields-RatioP2O5.pdf, id=42, 433.62pt x 325.215pt>
File: WheatYields-RatioP2O5.pdf Graphic file (type pdf)

<use WheatYields-RatioP2O5.pdf>
Package pdftex.def Info: WheatYields-RatioP2O5.pdf used on input line 65.
(pdftex.def)             Requested size: 82.8019pt x 62.09915pt.

<WheatYields-wheatfrac.pdf, id=43, 433.62pt x 325.215pt>
File: WheatYields-wheatfrac.pdf Graphic file (type pdf)

<use WheatYields-wheatfrac.pdf>
Package pdftex.def Info: WheatYields-wheatfrac.pdf used on input line 66.
(pdftex.def)             Requested size: 82.8019pt x 62.09915pt.

<fitFullLinearModels-rpn.pdf, id=44, 433.62pt x 325.215pt>
File: fitFullLinearModels-rpn.pdf Graphic file (type pdf)

<use fitFullLinearModels-rpn.pdf>
Package pdftex.def Info: fitFullLinearModels-rpn.pdf used on input line 67.
(pdftex.def)             Requested size: 82.8019pt x 62.09915pt.

<WheatYields-moran.pdf, id=45, 433.62pt x 325.215pt>
File: WheatYields-moran.pdf Graphic file (type pdf)

<use WheatYields-moran.pdf>
Package pdftex.def Info: WheatYields-moran.pdf used on input line 68.
(pdftex.def)             Requested size: 82.8019pt x 62.09915pt.
 [3 <./WheatYields-yieldb.pdf> <./WheatYields-maxb.pdf> <./WheatYields-heatb.pd
f> <./WheatYields-precipb.pdf> <./WheatYields-sunb.pdf> <./WheatYields-RatioP2O
5.pdf> <./WheatYields-wheatfrac.pdf> <./fitFullLinearModels-rpn.pdf> <./WheatYi
elds-moran.pdf>]
<WheatYields-pca2.pdf, id=113, 361.35pt x 361.35pt>
File: WheatYields-pca2.pdf Graphic file (type pdf)
 <use WheatYields-pca2.pdf>
Package pdftex.def Info: WheatYields-pca2.pdf used on input line 112.
(pdftex.def)             Requested size: 293.2521pt x 293.2543pt.

[4] (./conference_paper_3.bbl [5 <./WheatYields-pca2.pdf>]
Underfull \hbox (badness 1248) in paragraph at lines 22--24
[]\OT1/cmr/m/n/8 United States De-part-ment of Agri-cul-ture, Na-tional Agri-cu
l-tural Statis-tics Ser-vice
 []

) [6] (./conference_paper_3.aux) ) 
Here is how much of TeX's memory you used:
 3347 strings out of 493089
 50942 string characters out of 6134842
 105679 words of memory out of 5000000
 6787 multiletter control sequences out of 15000+600000
 10011 words of font info for 37 fonts, out of 8000000 for 9000
 1141 hyphenation exceptions out of 8191
 37i,7n,38p,604b,301s stack positions out of 5000i,500n,10000p,200000b,80000s
</usr/local/texlive/2015/texmf-dist/fonts/typ
e1/public/amsfonts/cm/cmbx10.pfb></usr/local/texlive/2015/texmf-dist/fonts/type
1/public/amsfonts/cm/cmbx12.pfb></usr/local/texlive/2015/texmf-dist/fonts/type1
/public/amsfonts/cm/cmbx9.pfb></usr/local/texlive/2015/texmf-dist/fonts/type1/p
ublic/amsfonts/cm/cmmi10.pfb></usr/local/texlive/2015/texmf-dist/fonts/type1/pu
blic/amsfonts/cm/cmmi6.pfb></usr/local/texlive/2015/texmf-dist/fonts/type1/publ
ic/amsfonts/cm/cmmi7.pfb></usr/local/texlive/2015/texmf-dist/fonts/type1/public
/amsfonts/cm/cmmi8.pfb></usr/local/texlive/2015/texmf-dist/fonts/type1/public/a
msfonts/cm/cmr10.pfb></usr/local/texlive/2015/texmf-dist/fonts/type1/public/ams
fonts/cm/cmr12.pfb></usr/local/texlive/2015/texmf-dist/fonts/type1/public/amsfo
nts/cm/cmr17.pfb></usr/local/texlive/2015/texmf-dist/fonts/type1/public/amsfont
s/cm/cmr7.pfb></usr/local/texlive/2015/texmf-dist/fonts/type1/public/amsfonts/c
m/cmr8.pfb></usr/local/texlive/2015/texmf-dist/fonts/type1/public/amsfonts/cm/c
mr9.pfb></usr/local/texlive/2015/texmf-dist/fonts/type1/public/amsfonts/cm/cmsy
10.pfb></usr/local/texlive/2015/texmf-dist/fonts/type1/public/amsfonts/cm/cmsy8
.pfb></usr/local/texlive/2015/texmf-dist/fonts/type1/public/amsfonts/cm/cmti8.p
fb></usr/local/texlive/2015/texmf-dist/fonts/type1/public/amsfonts/cm/cmtt10.pf
b></usr/local/texlive/2015/texmf-dist/fonts/type1/public/amsfonts/cm/cmtt8.pfb>

Output written on conference_paper_3.pdf (6 pages, 2067704 bytes).
PDF statistics:
 193 PDF objects out of 1000 (max. 8388607)
 130 compressed objects within 2 object streams
 0 named destinations out of 1000 (max. 500000)
 61 words of extra memory for PDF output out of 10000 (max. 10000000)

